<?xml version="1.0" encoding="UTF-8"?>
<coverage line-rate="0.865825688073395" branch-rate="0" lines-covered="755" lines-valid="872" branches-covered="0" branches-valid="0" complexity="0" version="3.3.0" timestamp="2019-09-22 09:21:58">
  <sources/>
  <packages>
    <package name="diyar" line-rate="0.865825688073395" branch-rate="0" complexity="0">
      <classes>
        <class name="episode_group.R" filename="R/episode_group.R" line-rate="0.788808664259928" branch-rate="0" complexity="0">
          <methods>
            <method name="xx_episode_group" signature="" line-rate="1" branch-rate="0">
              <lines>
                <line number="133" hits="41" branch="false"/>
                <line number="134" hits="41" branch="false"/>
                <line number="135" hits="41" branch="false"/>
                <line number="137" hits="1" branch="false"/>
                <line number="138" hits="2" branch="false"/>
                <line number="139" hits="1" branch="false"/>
                <line number="140" hits="1" branch="false"/>
                <line number="141" hits="1" branch="false"/>
                <line number="143" hits="2" branch="false"/>
                <line number="144" hits="1" branch="false"/>
                <line number="146" hits="1" branch="false"/>
                <line number="148" hits="31" branch="false"/>
                <line number="149" hits="31" branch="false"/>
                <line number="151" hits="31" branch="false"/>
                <line number="152" hits="31" branch="false"/>
                <line number="153" hits="31" branch="false"/>
                <line number="154" hits="31" branch="false"/>
                <line number="155" hits="31" branch="false"/>
                <line number="156" hits="31" branch="false"/>
                <line number="157" hits="31" branch="false"/>
                <line number="159" hits="31" branch="false"/>
                <line number="161" hits="31" branch="false"/>
                <line number="162" hits="31" branch="false"/>
                <line number="163" hits="31" branch="false"/>
                <line number="164" hits="31" branch="false"/>
                <line number="165" hits="31" branch="false"/>
                <line number="166" hits="31" branch="false"/>
                <line number="167" hits="31" branch="false"/>
                <line number="169" hits="30" branch="false"/>
                <line number="170" hits="1" branch="false"/>
                <line number="171" hits="1" branch="false"/>
                <line number="174" hits="1" branch="false"/>
                <line number="176" hits="27" branch="false"/>
                <line number="177" hits="1" branch="false"/>
                <line number="180" hits="1" branch="false"/>
                <line number="182" hits="25" branch="false"/>
                <line number="184" hits="25" branch="false"/>
                <line number="185" hits="3" branch="false"/>
                <line number="187" hits="22" branch="false"/>
                <line number="190" hits="25" branch="false"/>
                <line number="191" hits="21" branch="false"/>
                <line number="193" hits="4" branch="false"/>
                <line number="196" hits="25" branch="false"/>
                <line number="198" hits="25" branch="false"/>
                <line number="199" hits="15" branch="false"/>
                <line number="201" hits="10" branch="false"/>
                <line number="204" hits="25" branch="false"/>
                <line number="205" hits="8" branch="false"/>
                <line number="207" hits="17" branch="false"/>
                <line number="210" hits="25" branch="false"/>
                <line number="211" hits="3" branch="false"/>
                <line number="212" hits="3" branch="false"/>
                <line number="213" hits="3" branch="false"/>
                <line number="215" hits="22" branch="false"/>
                <line number="216" hits="22" branch="false"/>
                <line number="219" hits="25" branch="false"/>
                <line number="220" hits="25" branch="false"/>
                <line number="221" hits="25" branch="false"/>
                <line number="223" hits="25" branch="false"/>
                <line number="224" hits="6" branch="false"/>
                <line number="225" hits="6" branch="false"/>
                <line number="227" hits="19" branch="false"/>
                <line number="228" hits="19" branch="false"/>
                <line number="231" hits="25" branch="false"/>
                <line number="232" hits="22" branch="false"/>
                <line number="234" hits="3" branch="false"/>
                <line number="235" hits="3" branch="false"/>
                <line number="236" hits="3" branch="false"/>
                <line number="237" hits="3" branch="false"/>
                <line number="239" hits="3" branch="false"/>
                <line number="242" hits="25" branch="false"/>
                <line number="243" hits="25" branch="false"/>
                <line number="244" hits="25" branch="false"/>
                <line number="245" hits="25" branch="false"/>
                <line number="247" hits="25" branch="false"/>
                <line number="249" hits="25" branch="false"/>
                <line number="250" hits="25" branch="false"/>
                <line number="252" hits="25" branch="false"/>
                <line number="253" hits="25" branch="false"/>
                <line number="254" hits="25" branch="false"/>
                <line number="255" hits="25" branch="false"/>
                <line number="257" hits="25" branch="false"/>
                <line number="259" hits="25" branch="false"/>
                <line number="260" hits="25" branch="false"/>
                <line number="261" hits="25" branch="false"/>
                <line number="262" hits="25" branch="false"/>
                <line number="263" hits="25" branch="false"/>
                <line number="265" hits="3" branch="false"/>
                <line number="267" hits="9" branch="false"/>
                <line number="269" hits="25" branch="false"/>
                <line number="271" hits="25" branch="false"/>
                <line number="273" hits="25" branch="false"/>
                <line number="274" hits="25" branch="false"/>
                <line number="276" hits="25" branch="false"/>
                <line number="277" hits="25" branch="false"/>
                <line number="278" hits="25" branch="false"/>
                <line number="280" hits="25" branch="false"/>
                <line number="281" hits="20" branch="false"/>
                <line number="282" hits="20" branch="false"/>
                <line number="283" hits="25" branch="false"/>
                <line number="285" hits="25" branch="false"/>
                <line number="286" hits="1" branch="false"/>
                <line number="287" hits="1" branch="false"/>
                <line number="288" hits="25" branch="false"/>
                <line number="290" hits="25" branch="false"/>
                <line number="292" hits="25" branch="false"/>
                <line number="293" hits="25" branch="false"/>
                <line number="295" hits="25" branch="false"/>
                <line number="296" hits="25" branch="false"/>
                <line number="298" hits="25" branch="false"/>
                <line number="299" hits="25" branch="false"/>
                <line number="300" hits="25" branch="false"/>
                <line number="302" hits="20" branch="false"/>
                <line number="303" hits="19" branch="false"/>
                <line number="304" hits="19" branch="false"/>
                <line number="305" hits="25" branch="false"/>
                <line number="308" hits="25" branch="false"/>
                <line number="309" hits="25" branch="false"/>
                <line number="310" hits="25" branch="false"/>
                <line number="311" hits="25" branch="false"/>
                <line number="312" hits="25" branch="false"/>
                <line number="313" hits="25" branch="false"/>
                <line number="314" hits="25" branch="false"/>
                <line number="315" hits="25" branch="false"/>
                <line number="316" hits="25" branch="false"/>
                <line number="317" hits="25" branch="false"/>
                <line number="318" hits="25" branch="false"/>
                <line number="319" hits="25" branch="false"/>
                <line number="320" hits="25" branch="false"/>
                <line number="321" hits="25" branch="false"/>
                <line number="322" hits="25" branch="false"/>
                <line number="323" hits="25" branch="false"/>
                <line number="324" hits="25" branch="false"/>
                <line number="325" hits="25" branch="false"/>
                <line number="326" hits="25" branch="false"/>
                <line number="327" hits="25" branch="false"/>
                <line number="328" hits="25" branch="false"/>
                <line number="330" hits="25" branch="false"/>
                <line number="331" hits="25" branch="false"/>
                <line number="333" hits="25" branch="false"/>
                <line number="334" hits="9" branch="false"/>
                <line number="335" hits="25" branch="false"/>
                <line number="337" hits="25" branch="false"/>
                <line number="338" hits="25" branch="false"/>
                <line number="339" hits="25" branch="false"/>
                <line number="341" hits="25" branch="false"/>
                <line number="342" hits="25" branch="false"/>
                <line number="343" hits="25" branch="false"/>
                <line number="344" hits="25" branch="false"/>
                <line number="345" hits="25" branch="false"/>
                <line number="346" hits="25" branch="false"/>
                <line number="347" hits="25" branch="false"/>
                <line number="348" hits="25" branch="false"/>
                <line number="350" hits="25" branch="false"/>
                <line number="351" hits="25" branch="false"/>
                <line number="352" hits="25" branch="false"/>
                <line number="354" hits="25" branch="false"/>
                <line number="355" hits="25" branch="false"/>
                <line number="357" hits="22" branch="false"/>
                <line number="359" hits="25" branch="false"/>
                <line number="360" hits="25" branch="false"/>
                <line number="361" hits="25" branch="false"/>
                <line number="362" hits="25" branch="false"/>
                <line number="363" hits="25" branch="false"/>
                <line number="364" hits="25" branch="false"/>
                <line number="365" hits="25" branch="false"/>
                <line number="366" hits="25" branch="false"/>
                <line number="367" hits="25" branch="false"/>
                <line number="369" hits="25" branch="false"/>
                <line number="370" hits="25" branch="false"/>
                <line number="372" hits="25" branch="false"/>
                <line number="373" hits="25" branch="false"/>
                <line number="374" hits="25" branch="false"/>
                <line number="375" hits="25" branch="false"/>
                <line number="376" hits="25" branch="false"/>
                <line number="377" hits="25" branch="false"/>
                <line number="378" hits="25" branch="false"/>
                <line number="380" hits="25" branch="false"/>
                <line number="381" hits="21" branch="false"/>
                <line number="382" hits="21" branch="false"/>
                <line number="384" hits="4" branch="false"/>
                <line number="386" hits="4" branch="false"/>
                <line number="387" hits="4" branch="false"/>
                <line number="388" hits="4" branch="false"/>
                <line number="389" hits="4" branch="false"/>
                <line number="390" hits="4" branch="false"/>
                <line number="391" hits="4" branch="false"/>
                <line number="392" hits="4" branch="false"/>
                <line number="393" hits="4" branch="false"/>
                <line number="394" hits="4" branch="false"/>
                <line number="396" hits="4" branch="false"/>
                <line number="397" hits="4" branch="false"/>
                <line number="400" hits="25" branch="false"/>
                <line number="401" hits="25" branch="false"/>
                <line number="402" hits="25" branch="false"/>
                <line number="404" hits="25" branch="false"/>
                <line number="405" hits="25" branch="false"/>
                <line number="406" hits="25" branch="false"/>
                <line number="407" hits="25" branch="false"/>
                <line number="408" hits="25" branch="false"/>
                <line number="409" hits="25" branch="false"/>
                <line number="410" hits="25" branch="false"/>
                <line number="411" hits="25" branch="false"/>
                <line number="413" hits="25" branch="false"/>
                <line number="414" hits="25" branch="false"/>
                <line number="416" hits="25" branch="false"/>
                <line number="418" hits="25" branch="false"/>
                <line number="419" hits="25" branch="false"/>
                <line number="421" hits="25" branch="false"/>
                <line number="423" hits="25" branch="false"/>
                <line number="425" hits="25" branch="false"/>
                <line number="426" hits="25" branch="false"/>
                <line number="428" hits="25" branch="false"/>
                <line number="430" hits="25" branch="false"/>
                <line number="433" hits="25" branch="false"/>
                <line number="435" hits="25" branch="false"/>
                <line number="437" hits="25" branch="false"/>
                <line number="438" hits="25" branch="false"/>
                <line number="439" hits="25" branch="false"/>
              </lines>
            </method>
            <method name="fixed_episodes" signature="" line-rate="0" branch-rate="0">
              <lines>
                <line number="495" hits="0" branch="false"/>
                <line number="496" hits="0" branch="false"/>
                <line number="497" hits="0" branch="false"/>
                <line number="498" hits="0" branch="false"/>
                <line number="499" hits="0" branch="false"/>
                <line number="500" hits="0" branch="false"/>
                <line number="501" hits="0" branch="false"/>
                <line number="502" hits="0" branch="false"/>
                <line number="503" hits="0" branch="false"/>
                <line number="504" hits="0" branch="false"/>
                <line number="507" hits="0" branch="false"/>
                <line number="509" hits="0" branch="false"/>
                <line number="510" hits="0" branch="false"/>
                <line number="511" hits="0" branch="false"/>
                <line number="513" hits="0" branch="false"/>
                <line number="514" hits="0" branch="false"/>
                <line number="515" hits="0" branch="false"/>
                <line number="516" hits="0" branch="false"/>
                <line number="517" hits="0" branch="false"/>
                <line number="520" hits="0" branch="false"/>
                <line number="521" hits="0" branch="false"/>
                <line number="522" hits="0" branch="false"/>
                <line number="523" hits="0" branch="false"/>
                <line number="525" hits="0" branch="false"/>
                <line number="526" hits="0" branch="false"/>
                <line number="527" hits="0" branch="false"/>
                <line number="528" hits="0" branch="false"/>
                <line number="529" hits="0" branch="false"/>
                <line number="530" hits="0" branch="false"/>
                <line number="531" hits="0" branch="false"/>
                <line number="532" hits="0" branch="false"/>
                <line number="533" hits="0" branch="false"/>
                <line number="534" hits="0" branch="false"/>
                <line number="535" hits="0" branch="false"/>
                <line number="536" hits="0" branch="false"/>
                <line number="537" hits="0" branch="false"/>
                <line number="538" hits="0" branch="false"/>
                <line number="539" hits="0" branch="false"/>
                <line number="541" hits="0" branch="false"/>
                <line number="542" hits="0" branch="false"/>
                <line number="543" hits="0" branch="false"/>
                <line number="544" hits="0" branch="false"/>
                <line number="545" hits="0" branch="false"/>
                <line number="546" hits="0" branch="false"/>
                <line number="547" hits="0" branch="false"/>
                <line number="549" hits="0" branch="false"/>
                <line number="550" hits="0" branch="false"/>
                <line number="552" hits="0" branch="false"/>
                <line number="553" hits="0" branch="false"/>
                <line number="554" hits="0" branch="false"/>
              </lines>
            </method>
            <method name="rolling_episodes" signature="" line-rate="0" branch-rate="0">
              <lines>
                <line number="561" hits="0" branch="false"/>
                <line number="562" hits="0" branch="false"/>
                <line number="563" hits="0" branch="false"/>
                <line number="564" hits="0" branch="false"/>
                <line number="565" hits="0" branch="false"/>
                <line number="566" hits="0" branch="false"/>
                <line number="567" hits="0" branch="false"/>
                <line number="568" hits="0" branch="false"/>
                <line number="569" hits="0" branch="false"/>
                <line number="571" hits="0" branch="false"/>
                <line number="572" hits="0" branch="false"/>
                <line number="573" hits="0" branch="false"/>
                <line number="576" hits="0" branch="false"/>
                <line number="577" hits="0" branch="false"/>
                <line number="580" hits="0" branch="false"/>
                <line number="581" hits="0" branch="false"/>
                <line number="582" hits="0" branch="false"/>
                <line number="583" hits="0" branch="false"/>
                <line number="585" hits="0" branch="false"/>
                <line number="586" hits="0" branch="false"/>
                <line number="587" hits="0" branch="false"/>
                <line number="588" hits="0" branch="false"/>
                <line number="589" hits="0" branch="false"/>
                <line number="592" hits="0" branch="false"/>
                <line number="593" hits="0" branch="false"/>
                <line number="594" hits="0" branch="false"/>
                <line number="596" hits="0" branch="false"/>
                <line number="598" hits="0" branch="false"/>
                <line number="600" hits="0" branch="false"/>
                <line number="601" hits="0" branch="false"/>
                <line number="602" hits="0" branch="false"/>
                <line number="603" hits="0" branch="false"/>
                <line number="604" hits="0" branch="false"/>
                <line number="605" hits="0" branch="false"/>
                <line number="606" hits="0" branch="false"/>
                <line number="608" hits="0" branch="false"/>
                <line number="609" hits="0" branch="false"/>
                <line number="610" hits="0" branch="false"/>
                <line number="611" hits="0" branch="false"/>
                <line number="612" hits="0" branch="false"/>
                <line number="613" hits="0" branch="false"/>
                <line number="614" hits="0" branch="false"/>
                <line number="616" hits="0" branch="false"/>
                <line number="617" hits="0" branch="false"/>
                <line number="618" hits="0" branch="false"/>
                <line number="619" hits="0" branch="false"/>
                <line number="621" hits="0" branch="false"/>
                <line number="622" hits="0" branch="false"/>
                <line number="623" hits="0" branch="false"/>
                <line number="624" hits="0" branch="false"/>
                <line number="625" hits="0" branch="false"/>
                <line number="627" hits="0" branch="false"/>
                <line number="628" hits="0" branch="false"/>
                <line number="629" hits="0" branch="false"/>
                <line number="631" hits="0" branch="false"/>
                <line number="633" hits="0" branch="false"/>
                <line number="634" hits="0" branch="false"/>
                <line number="635" hits="0" branch="false"/>
                <line number="636" hits="0" branch="false"/>
                <line number="637" hits="0" branch="false"/>
                <line number="638" hits="0" branch="false"/>
                <line number="639" hits="0" branch="false"/>
                <line number="641" hits="0" branch="false"/>
                <line number="642" hits="0" branch="false"/>
                <line number="644" hits="0" branch="false"/>
                <line number="646" hits="0" branch="false"/>
                <line number="647" hits="0" branch="false"/>
              </lines>
            </method>
            <method name="episode_group" signature="" line-rate="1" branch-rate="0">
              <lines>
                <line number="656" hits="41" branch="false"/>
                <line number="657" hits="41" branch="false"/>
                <line number="658" hits="41" branch="false"/>
                <line number="660" hits="1" branch="false"/>
                <line number="661" hits="2" branch="false"/>
                <line number="662" hits="1" branch="false"/>
                <line number="663" hits="1" branch="false"/>
                <line number="664" hits="1" branch="false"/>
                <line number="666" hits="2" branch="false"/>
                <line number="667" hits="1" branch="false"/>
                <line number="669" hits="1" branch="false"/>
                <line number="671" hits="31" branch="false"/>
                <line number="672" hits="31" branch="false"/>
                <line number="674" hits="31" branch="false"/>
                <line number="675" hits="31" branch="false"/>
                <line number="676" hits="31" branch="false"/>
                <line number="677" hits="31" branch="false"/>
                <line number="678" hits="31" branch="false"/>
                <line number="679" hits="31" branch="false"/>
                <line number="680" hits="31" branch="false"/>
                <line number="682" hits="31" branch="false"/>
                <line number="684" hits="31" branch="false"/>
                <line number="685" hits="31" branch="false"/>
                <line number="686" hits="31" branch="false"/>
                <line number="687" hits="31" branch="false"/>
                <line number="688" hits="31" branch="false"/>
                <line number="689" hits="31" branch="false"/>
                <line number="690" hits="31" branch="false"/>
                <line number="692" hits="30" branch="false"/>
                <line number="693" hits="1" branch="false"/>
                <line number="694" hits="1" branch="false"/>
                <line number="697" hits="1" branch="false"/>
                <line number="699" hits="27" branch="false"/>
                <line number="700" hits="1" branch="false"/>
                <line number="703" hits="1" branch="false"/>
                <line number="705" hits="25" branch="false"/>
                <line number="707" hits="25" branch="false"/>
                <line number="708" hits="3" branch="false"/>
                <line number="710" hits="22" branch="false"/>
                <line number="713" hits="25" branch="false"/>
                <line number="714" hits="21" branch="false"/>
                <line number="716" hits="4" branch="false"/>
                <line number="719" hits="25" branch="false"/>
                <line number="721" hits="25" branch="false"/>
                <line number="722" hits="15" branch="false"/>
                <line number="724" hits="10" branch="false"/>
                <line number="727" hits="25" branch="false"/>
                <line number="728" hits="8" branch="false"/>
                <line number="730" hits="17" branch="false"/>
                <line number="733" hits="25" branch="false"/>
                <line number="734" hits="3" branch="false"/>
                <line number="735" hits="3" branch="false"/>
                <line number="737" hits="22" branch="false"/>
                <line number="738" hits="22" branch="false"/>
                <line number="741" hits="25" branch="false"/>
                <line number="742" hits="25" branch="false"/>
                <line number="743" hits="25" branch="false"/>
                <line number="745" hits="25" branch="false"/>
                <line number="746" hits="6" branch="false"/>
                <line number="747" hits="6" branch="false"/>
                <line number="749" hits="19" branch="false"/>
                <line number="750" hits="19" branch="false"/>
                <line number="753" hits="25" branch="false"/>
                <line number="754" hits="22" branch="false"/>
                <line number="756" hits="3" branch="false"/>
                <line number="757" hits="3" branch="false"/>
                <line number="758" hits="3" branch="false"/>
                <line number="759" hits="3" branch="false"/>
                <line number="761" hits="3" branch="false"/>
                <line number="764" hits="25" branch="false"/>
                <line number="765" hits="25" branch="false"/>
                <line number="766" hits="25" branch="false"/>
                <line number="767" hits="25" branch="false"/>
                <line number="769" hits="25" branch="false"/>
                <line number="771" hits="25" branch="false"/>
                <line number="772" hits="25" branch="false"/>
                <line number="774" hits="25" branch="false"/>
                <line number="775" hits="25" branch="false"/>
                <line number="776" hits="25" branch="false"/>
                <line number="777" hits="25" branch="false"/>
                <line number="779" hits="25" branch="false"/>
                <line number="781" hits="25" branch="false"/>
                <line number="782" hits="25" branch="false"/>
                <line number="783" hits="25" branch="false"/>
                <line number="784" hits="25" branch="false"/>
                <line number="785" hits="25" branch="false"/>
                <line number="787" hits="3" branch="false"/>
                <line number="789" hits="9" branch="false"/>
                <line number="791" hits="25" branch="false"/>
                <line number="793" hits="25" branch="false"/>
                <line number="795" hits="25" branch="false"/>
                <line number="796" hits="25" branch="false"/>
                <line number="798" hits="25" branch="false"/>
                <line number="799" hits="25" branch="false"/>
                <line number="801" hits="25" branch="false"/>
                <line number="802" hits="25" branch="false"/>
                <line number="803" hits="25" branch="false"/>
                <line number="804" hits="25" branch="false"/>
                <line number="805" hits="20" branch="false"/>
                <line number="806" hits="20" branch="false"/>
                <line number="807" hits="25" branch="false"/>
                <line number="809" hits="25" branch="false"/>
                <line number="810" hits="1" branch="false"/>
                <line number="811" hits="1" branch="false"/>
                <line number="812" hits="25" branch="false"/>
                <line number="814" hits="25" branch="false"/>
                <line number="816" hits="25" branch="false"/>
                <line number="817" hits="25" branch="false"/>
                <line number="819" hits="25" branch="false"/>
                <line number="820" hits="25" branch="false"/>
                <line number="821" hits="25" branch="false"/>
                <line number="823" hits="20" branch="false"/>
                <line number="824" hits="19" branch="false"/>
                <line number="825" hits="19" branch="false"/>
                <line number="826" hits="25" branch="false"/>
                <line number="829" hits="25" branch="false"/>
                <line number="830" hits="25" branch="false"/>
                <line number="831" hits="25" branch="false"/>
                <line number="832" hits="25" branch="false"/>
                <line number="833" hits="25" branch="false"/>
                <line number="834" hits="25" branch="false"/>
                <line number="835" hits="25" branch="false"/>
                <line number="836" hits="25" branch="false"/>
                <line number="837" hits="25" branch="false"/>
                <line number="838" hits="25" branch="false"/>
                <line number="839" hits="25" branch="false"/>
                <line number="840" hits="25" branch="false"/>
                <line number="841" hits="25" branch="false"/>
                <line number="842" hits="25" branch="false"/>
                <line number="843" hits="25" branch="false"/>
                <line number="844" hits="25" branch="false"/>
                <line number="845" hits="25" branch="false"/>
                <line number="846" hits="25" branch="false"/>
                <line number="847" hits="25" branch="false"/>
                <line number="848" hits="25" branch="false"/>
                <line number="849" hits="25" branch="false"/>
                <line number="851" hits="25" branch="false"/>
                <line number="852" hits="25" branch="false"/>
                <line number="854" hits="25" branch="false"/>
                <line number="855" hits="9" branch="false"/>
                <line number="856" hits="25" branch="false"/>
                <line number="858" hits="25" branch="false"/>
                <line number="859" hits="25" branch="false"/>
                <line number="860" hits="25" branch="false"/>
                <line number="862" hits="25" branch="false"/>
                <line number="863" hits="25" branch="false"/>
                <line number="864" hits="25" branch="false"/>
                <line number="865" hits="25" branch="false"/>
                <line number="866" hits="25" branch="false"/>
                <line number="867" hits="25" branch="false"/>
                <line number="868" hits="25" branch="false"/>
                <line number="869" hits="25" branch="false"/>
                <line number="871" hits="25" branch="false"/>
                <line number="872" hits="25" branch="false"/>
                <line number="873" hits="25" branch="false"/>
                <line number="875" hits="25" branch="false"/>
                <line number="876" hits="25" branch="false"/>
                <line number="878" hits="22" branch="false"/>
                <line number="880" hits="25" branch="false"/>
                <line number="881" hits="25" branch="false"/>
                <line number="882" hits="25" branch="false"/>
                <line number="883" hits="25" branch="false"/>
                <line number="884" hits="25" branch="false"/>
                <line number="885" hits="25" branch="false"/>
                <line number="886" hits="25" branch="false"/>
                <line number="887" hits="25" branch="false"/>
                <line number="888" hits="25" branch="false"/>
                <line number="890" hits="25" branch="false"/>
                <line number="891" hits="25" branch="false"/>
                <line number="893" hits="25" branch="false"/>
                <line number="894" hits="25" branch="false"/>
                <line number="895" hits="25" branch="false"/>
                <line number="896" hits="25" branch="false"/>
                <line number="897" hits="25" branch="false"/>
                <line number="898" hits="25" branch="false"/>
                <line number="899" hits="25" branch="false"/>
                <line number="901" hits="25" branch="false"/>
                <line number="902" hits="21" branch="false"/>
                <line number="903" hits="21" branch="false"/>
                <line number="905" hits="4" branch="false"/>
                <line number="907" hits="4" branch="false"/>
                <line number="908" hits="4" branch="false"/>
                <line number="909" hits="4" branch="false"/>
                <line number="910" hits="4" branch="false"/>
                <line number="911" hits="4" branch="false"/>
                <line number="912" hits="4" branch="false"/>
                <line number="913" hits="4" branch="false"/>
                <line number="914" hits="4" branch="false"/>
                <line number="915" hits="4" branch="false"/>
                <line number="917" hits="4" branch="false"/>
                <line number="918" hits="4" branch="false"/>
                <line number="921" hits="25" branch="false"/>
                <line number="922" hits="25" branch="false"/>
                <line number="923" hits="25" branch="false"/>
                <line number="925" hits="25" branch="false"/>
                <line number="926" hits="25" branch="false"/>
                <line number="927" hits="25" branch="false"/>
                <line number="928" hits="25" branch="false"/>
                <line number="929" hits="25" branch="false"/>
                <line number="930" hits="25" branch="false"/>
                <line number="931" hits="25" branch="false"/>
                <line number="932" hits="25" branch="false"/>
                <line number="934" hits="25" branch="false"/>
                <line number="935" hits="25" branch="false"/>
                <line number="937" hits="25" branch="false"/>
                <line number="939" hits="25" branch="false"/>
                <line number="940" hits="25" branch="false"/>
                <line number="942" hits="25" branch="false"/>
                <line number="944" hits="25" branch="false"/>
                <line number="946" hits="25" branch="false"/>
                <line number="947" hits="25" branch="false"/>
                <line number="949" hits="25" branch="false"/>
                <line number="951" hits="25" branch="false"/>
                <line number="954" hits="25" branch="false"/>
                <line number="956" hits="25" branch="false"/>
                <line number="958" hits="25" branch="false"/>
                <line number="959" hits="25" branch="false"/>
                <line number="960" hits="25" branch="false"/>
              </lines>
            </method>
          </methods>
          <lines>
            <line number="133" hits="41" branch="false"/>
            <line number="134" hits="41" branch="false"/>
            <line number="135" hits="41" branch="false"/>
            <line number="137" hits="1" branch="false"/>
            <line number="138" hits="2" branch="false"/>
            <line number="139" hits="1" branch="false"/>
            <line number="140" hits="1" branch="false"/>
            <line number="141" hits="1" branch="false"/>
            <line number="143" hits="2" branch="false"/>
            <line number="144" hits="1" branch="false"/>
            <line number="146" hits="1" branch="false"/>
            <line number="148" hits="31" branch="false"/>
            <line number="149" hits="31" branch="false"/>
            <line number="151" hits="31" branch="false"/>
            <line number="152" hits="31" branch="false"/>
            <line number="153" hits="31" branch="false"/>
            <line number="154" hits="31" branch="false"/>
            <line number="155" hits="31" branch="false"/>
            <line number="156" hits="31" branch="false"/>
            <line number="157" hits="31" branch="false"/>
            <line number="159" hits="31" branch="false"/>
            <line number="161" hits="31" branch="false"/>
            <line number="162" hits="31" branch="false"/>
            <line number="163" hits="31" branch="false"/>
            <line number="164" hits="31" branch="false"/>
            <line number="165" hits="31" branch="false"/>
            <line number="166" hits="31" branch="false"/>
            <line number="167" hits="31" branch="false"/>
            <line number="169" hits="30" branch="false"/>
            <line number="170" hits="1" branch="false"/>
            <line number="171" hits="1" branch="false"/>
            <line number="174" hits="1" branch="false"/>
            <line number="176" hits="27" branch="false"/>
            <line number="177" hits="1" branch="false"/>
            <line number="180" hits="1" branch="false"/>
            <line number="182" hits="25" branch="false"/>
            <line number="184" hits="25" branch="false"/>
            <line number="185" hits="3" branch="false"/>
            <line number="187" hits="22" branch="false"/>
            <line number="190" hits="25" branch="false"/>
            <line number="191" hits="21" branch="false"/>
            <line number="193" hits="4" branch="false"/>
            <line number="196" hits="25" branch="false"/>
            <line number="198" hits="25" branch="false"/>
            <line number="199" hits="15" branch="false"/>
            <line number="201" hits="10" branch="false"/>
            <line number="204" hits="25" branch="false"/>
            <line number="205" hits="8" branch="false"/>
            <line number="207" hits="17" branch="false"/>
            <line number="210" hits="25" branch="false"/>
            <line number="211" hits="3" branch="false"/>
            <line number="212" hits="3" branch="false"/>
            <line number="213" hits="3" branch="false"/>
            <line number="215" hits="22" branch="false"/>
            <line number="216" hits="22" branch="false"/>
            <line number="219" hits="25" branch="false"/>
            <line number="220" hits="25" branch="false"/>
            <line number="221" hits="25" branch="false"/>
            <line number="223" hits="25" branch="false"/>
            <line number="224" hits="6" branch="false"/>
            <line number="225" hits="6" branch="false"/>
            <line number="227" hits="19" branch="false"/>
            <line number="228" hits="19" branch="false"/>
            <line number="231" hits="25" branch="false"/>
            <line number="232" hits="22" branch="false"/>
            <line number="234" hits="3" branch="false"/>
            <line number="235" hits="3" branch="false"/>
            <line number="236" hits="3" branch="false"/>
            <line number="237" hits="3" branch="false"/>
            <line number="239" hits="3" branch="false"/>
            <line number="242" hits="25" branch="false"/>
            <line number="243" hits="25" branch="false"/>
            <line number="244" hits="25" branch="false"/>
            <line number="245" hits="25" branch="false"/>
            <line number="247" hits="25" branch="false"/>
            <line number="249" hits="25" branch="false"/>
            <line number="250" hits="25" branch="false"/>
            <line number="252" hits="25" branch="false"/>
            <line number="253" hits="25" branch="false"/>
            <line number="254" hits="25" branch="false"/>
            <line number="255" hits="25" branch="false"/>
            <line number="257" hits="25" branch="false"/>
            <line number="259" hits="25" branch="false"/>
            <line number="260" hits="25" branch="false"/>
            <line number="261" hits="25" branch="false"/>
            <line number="262" hits="25" branch="false"/>
            <line number="263" hits="25" branch="false"/>
            <line number="265" hits="3" branch="false"/>
            <line number="267" hits="9" branch="false"/>
            <line number="269" hits="25" branch="false"/>
            <line number="271" hits="25" branch="false"/>
            <line number="273" hits="25" branch="false"/>
            <line number="274" hits="25" branch="false"/>
            <line number="276" hits="25" branch="false"/>
            <line number="277" hits="25" branch="false"/>
            <line number="278" hits="25" branch="false"/>
            <line number="280" hits="25" branch="false"/>
            <line number="281" hits="20" branch="false"/>
            <line number="282" hits="20" branch="false"/>
            <line number="283" hits="25" branch="false"/>
            <line number="285" hits="25" branch="false"/>
            <line number="286" hits="1" branch="false"/>
            <line number="287" hits="1" branch="false"/>
            <line number="288" hits="25" branch="false"/>
            <line number="290" hits="25" branch="false"/>
            <line number="292" hits="25" branch="false"/>
            <line number="293" hits="25" branch="false"/>
            <line number="295" hits="25" branch="false"/>
            <line number="296" hits="25" branch="false"/>
            <line number="298" hits="25" branch="false"/>
            <line number="299" hits="25" branch="false"/>
            <line number="300" hits="25" branch="false"/>
            <line number="302" hits="20" branch="false"/>
            <line number="303" hits="19" branch="false"/>
            <line number="304" hits="19" branch="false"/>
            <line number="305" hits="25" branch="false"/>
            <line number="308" hits="25" branch="false"/>
            <line number="309" hits="25" branch="false"/>
            <line number="310" hits="25" branch="false"/>
            <line number="311" hits="25" branch="false"/>
            <line number="312" hits="25" branch="false"/>
            <line number="313" hits="25" branch="false"/>
            <line number="314" hits="25" branch="false"/>
            <line number="315" hits="25" branch="false"/>
            <line number="316" hits="25" branch="false"/>
            <line number="317" hits="25" branch="false"/>
            <line number="318" hits="25" branch="false"/>
            <line number="319" hits="25" branch="false"/>
            <line number="320" hits="25" branch="false"/>
            <line number="321" hits="25" branch="false"/>
            <line number="322" hits="25" branch="false"/>
            <line number="323" hits="25" branch="false"/>
            <line number="324" hits="25" branch="false"/>
            <line number="325" hits="25" branch="false"/>
            <line number="326" hits="25" branch="false"/>
            <line number="327" hits="25" branch="false"/>
            <line number="328" hits="25" branch="false"/>
            <line number="330" hits="25" branch="false"/>
            <line number="331" hits="25" branch="false"/>
            <line number="333" hits="25" branch="false"/>
            <line number="334" hits="9" branch="false"/>
            <line number="335" hits="25" branch="false"/>
            <line number="337" hits="25" branch="false"/>
            <line number="338" hits="25" branch="false"/>
            <line number="339" hits="25" branch="false"/>
            <line number="341" hits="25" branch="false"/>
            <line number="342" hits="25" branch="false"/>
            <line number="343" hits="25" branch="false"/>
            <line number="344" hits="25" branch="false"/>
            <line number="345" hits="25" branch="false"/>
            <line number="346" hits="25" branch="false"/>
            <line number="347" hits="25" branch="false"/>
            <line number="348" hits="25" branch="false"/>
            <line number="350" hits="25" branch="false"/>
            <line number="351" hits="25" branch="false"/>
            <line number="352" hits="25" branch="false"/>
            <line number="354" hits="25" branch="false"/>
            <line number="355" hits="25" branch="false"/>
            <line number="357" hits="22" branch="false"/>
            <line number="359" hits="25" branch="false"/>
            <line number="360" hits="25" branch="false"/>
            <line number="361" hits="25" branch="false"/>
            <line number="362" hits="25" branch="false"/>
            <line number="363" hits="25" branch="false"/>
            <line number="364" hits="25" branch="false"/>
            <line number="365" hits="25" branch="false"/>
            <line number="366" hits="25" branch="false"/>
            <line number="367" hits="25" branch="false"/>
            <line number="369" hits="25" branch="false"/>
            <line number="370" hits="25" branch="false"/>
            <line number="372" hits="25" branch="false"/>
            <line number="373" hits="25" branch="false"/>
            <line number="374" hits="25" branch="false"/>
            <line number="375" hits="25" branch="false"/>
            <line number="376" hits="25" branch="false"/>
            <line number="377" hits="25" branch="false"/>
            <line number="378" hits="25" branch="false"/>
            <line number="380" hits="25" branch="false"/>
            <line number="381" hits="21" branch="false"/>
            <line number="382" hits="21" branch="false"/>
            <line number="384" hits="4" branch="false"/>
            <line number="386" hits="4" branch="false"/>
            <line number="387" hits="4" branch="false"/>
            <line number="388" hits="4" branch="false"/>
            <line number="389" hits="4" branch="false"/>
            <line number="390" hits="4" branch="false"/>
            <line number="391" hits="4" branch="false"/>
            <line number="392" hits="4" branch="false"/>
            <line number="393" hits="4" branch="false"/>
            <line number="394" hits="4" branch="false"/>
            <line number="396" hits="4" branch="false"/>
            <line number="397" hits="4" branch="false"/>
            <line number="400" hits="25" branch="false"/>
            <line number="401" hits="25" branch="false"/>
            <line number="402" hits="25" branch="false"/>
            <line number="404" hits="25" branch="false"/>
            <line number="405" hits="25" branch="false"/>
            <line number="406" hits="25" branch="false"/>
            <line number="407" hits="25" branch="false"/>
            <line number="408" hits="25" branch="false"/>
            <line number="409" hits="25" branch="false"/>
            <line number="410" hits="25" branch="false"/>
            <line number="411" hits="25" branch="false"/>
            <line number="413" hits="25" branch="false"/>
            <line number="414" hits="25" branch="false"/>
            <line number="416" hits="25" branch="false"/>
            <line number="418" hits="25" branch="false"/>
            <line number="419" hits="25" branch="false"/>
            <line number="421" hits="25" branch="false"/>
            <line number="423" hits="25" branch="false"/>
            <line number="425" hits="25" branch="false"/>
            <line number="426" hits="25" branch="false"/>
            <line number="428" hits="25" branch="false"/>
            <line number="430" hits="25" branch="false"/>
            <line number="433" hits="25" branch="false"/>
            <line number="435" hits="25" branch="false"/>
            <line number="437" hits="25" branch="false"/>
            <line number="438" hits="25" branch="false"/>
            <line number="439" hits="25" branch="false"/>
            <line number="495" hits="0" branch="false"/>
            <line number="496" hits="0" branch="false"/>
            <line number="497" hits="0" branch="false"/>
            <line number="498" hits="0" branch="false"/>
            <line number="499" hits="0" branch="false"/>
            <line number="500" hits="0" branch="false"/>
            <line number="501" hits="0" branch="false"/>
            <line number="502" hits="0" branch="false"/>
            <line number="503" hits="0" branch="false"/>
            <line number="504" hits="0" branch="false"/>
            <line number="507" hits="0" branch="false"/>
            <line number="509" hits="0" branch="false"/>
            <line number="510" hits="0" branch="false"/>
            <line number="511" hits="0" branch="false"/>
            <line number="513" hits="0" branch="false"/>
            <line number="514" hits="0" branch="false"/>
            <line number="515" hits="0" branch="false"/>
            <line number="516" hits="0" branch="false"/>
            <line number="517" hits="0" branch="false"/>
            <line number="520" hits="0" branch="false"/>
            <line number="521" hits="0" branch="false"/>
            <line number="522" hits="0" branch="false"/>
            <line number="523" hits="0" branch="false"/>
            <line number="525" hits="0" branch="false"/>
            <line number="526" hits="0" branch="false"/>
            <line number="527" hits="0" branch="false"/>
            <line number="528" hits="0" branch="false"/>
            <line number="529" hits="0" branch="false"/>
            <line number="530" hits="0" branch="false"/>
            <line number="531" hits="0" branch="false"/>
            <line number="532" hits="0" branch="false"/>
            <line number="533" hits="0" branch="false"/>
            <line number="534" hits="0" branch="false"/>
            <line number="535" hits="0" branch="false"/>
            <line number="536" hits="0" branch="false"/>
            <line number="537" hits="0" branch="false"/>
            <line number="538" hits="0" branch="false"/>
            <line number="539" hits="0" branch="false"/>
            <line number="541" hits="0" branch="false"/>
            <line number="542" hits="0" branch="false"/>
            <line number="543" hits="0" branch="false"/>
            <line number="544" hits="0" branch="false"/>
            <line number="545" hits="0" branch="false"/>
            <line number="546" hits="0" branch="false"/>
            <line number="547" hits="0" branch="false"/>
            <line number="549" hits="0" branch="false"/>
            <line number="550" hits="0" branch="false"/>
            <line number="552" hits="0" branch="false"/>
            <line number="553" hits="0" branch="false"/>
            <line number="554" hits="0" branch="false"/>
            <line number="561" hits="0" branch="false"/>
            <line number="562" hits="0" branch="false"/>
            <line number="563" hits="0" branch="false"/>
            <line number="564" hits="0" branch="false"/>
            <line number="565" hits="0" branch="false"/>
            <line number="566" hits="0" branch="false"/>
            <line number="567" hits="0" branch="false"/>
            <line number="568" hits="0" branch="false"/>
            <line number="569" hits="0" branch="false"/>
            <line number="571" hits="0" branch="false"/>
            <line number="572" hits="0" branch="false"/>
            <line number="573" hits="0" branch="false"/>
            <line number="576" hits="0" branch="false"/>
            <line number="577" hits="0" branch="false"/>
            <line number="580" hits="0" branch="false"/>
            <line number="581" hits="0" branch="false"/>
            <line number="582" hits="0" branch="false"/>
            <line number="583" hits="0" branch="false"/>
            <line number="585" hits="0" branch="false"/>
            <line number="586" hits="0" branch="false"/>
            <line number="587" hits="0" branch="false"/>
            <line number="588" hits="0" branch="false"/>
            <line number="589" hits="0" branch="false"/>
            <line number="592" hits="0" branch="false"/>
            <line number="593" hits="0" branch="false"/>
            <line number="594" hits="0" branch="false"/>
            <line number="596" hits="0" branch="false"/>
            <line number="598" hits="0" branch="false"/>
            <line number="600" hits="0" branch="false"/>
            <line number="601" hits="0" branch="false"/>
            <line number="602" hits="0" branch="false"/>
            <line number="603" hits="0" branch="false"/>
            <line number="604" hits="0" branch="false"/>
            <line number="605" hits="0" branch="false"/>
            <line number="606" hits="0" branch="false"/>
            <line number="608" hits="0" branch="false"/>
            <line number="609" hits="0" branch="false"/>
            <line number="610" hits="0" branch="false"/>
            <line number="611" hits="0" branch="false"/>
            <line number="612" hits="0" branch="false"/>
            <line number="613" hits="0" branch="false"/>
            <line number="614" hits="0" branch="false"/>
            <line number="616" hits="0" branch="false"/>
            <line number="617" hits="0" branch="false"/>
            <line number="618" hits="0" branch="false"/>
            <line number="619" hits="0" branch="false"/>
            <line number="621" hits="0" branch="false"/>
            <line number="622" hits="0" branch="false"/>
            <line number="623" hits="0" branch="false"/>
            <line number="624" hits="0" branch="false"/>
            <line number="625" hits="0" branch="false"/>
            <line number="627" hits="0" branch="false"/>
            <line number="628" hits="0" branch="false"/>
            <line number="629" hits="0" branch="false"/>
            <line number="631" hits="0" branch="false"/>
            <line number="633" hits="0" branch="false"/>
            <line number="634" hits="0" branch="false"/>
            <line number="635" hits="0" branch="false"/>
            <line number="636" hits="0" branch="false"/>
            <line number="637" hits="0" branch="false"/>
            <line number="638" hits="0" branch="false"/>
            <line number="639" hits="0" branch="false"/>
            <line number="641" hits="0" branch="false"/>
            <line number="642" hits="0" branch="false"/>
            <line number="644" hits="0" branch="false"/>
            <line number="646" hits="0" branch="false"/>
            <line number="647" hits="0" branch="false"/>
            <line number="656" hits="41" branch="false"/>
            <line number="657" hits="41" branch="false"/>
            <line number="658" hits="41" branch="false"/>
            <line number="660" hits="1" branch="false"/>
            <line number="661" hits="2" branch="false"/>
            <line number="662" hits="1" branch="false"/>
            <line number="663" hits="1" branch="false"/>
            <line number="664" hits="1" branch="false"/>
            <line number="666" hits="2" branch="false"/>
            <line number="667" hits="1" branch="false"/>
            <line number="669" hits="1" branch="false"/>
            <line number="671" hits="31" branch="false"/>
            <line number="672" hits="31" branch="false"/>
            <line number="674" hits="31" branch="false"/>
            <line number="675" hits="31" branch="false"/>
            <line number="676" hits="31" branch="false"/>
            <line number="677" hits="31" branch="false"/>
            <line number="678" hits="31" branch="false"/>
            <line number="679" hits="31" branch="false"/>
            <line number="680" hits="31" branch="false"/>
            <line number="682" hits="31" branch="false"/>
            <line number="684" hits="31" branch="false"/>
            <line number="685" hits="31" branch="false"/>
            <line number="686" hits="31" branch="false"/>
            <line number="687" hits="31" branch="false"/>
            <line number="688" hits="31" branch="false"/>
            <line number="689" hits="31" branch="false"/>
            <line number="690" hits="31" branch="false"/>
            <line number="692" hits="30" branch="false"/>
            <line number="693" hits="1" branch="false"/>
            <line number="694" hits="1" branch="false"/>
            <line number="697" hits="1" branch="false"/>
            <line number="699" hits="27" branch="false"/>
            <line number="700" hits="1" branch="false"/>
            <line number="703" hits="1" branch="false"/>
            <line number="705" hits="25" branch="false"/>
            <line number="707" hits="25" branch="false"/>
            <line number="708" hits="3" branch="false"/>
            <line number="710" hits="22" branch="false"/>
            <line number="713" hits="25" branch="false"/>
            <line number="714" hits="21" branch="false"/>
            <line number="716" hits="4" branch="false"/>
            <line number="719" hits="25" branch="false"/>
            <line number="721" hits="25" branch="false"/>
            <line number="722" hits="15" branch="false"/>
            <line number="724" hits="10" branch="false"/>
            <line number="727" hits="25" branch="false"/>
            <line number="728" hits="8" branch="false"/>
            <line number="730" hits="17" branch="false"/>
            <line number="733" hits="25" branch="false"/>
            <line number="734" hits="3" branch="false"/>
            <line number="735" hits="3" branch="false"/>
            <line number="737" hits="22" branch="false"/>
            <line number="738" hits="22" branch="false"/>
            <line number="741" hits="25" branch="false"/>
            <line number="742" hits="25" branch="false"/>
            <line number="743" hits="25" branch="false"/>
            <line number="745" hits="25" branch="false"/>
            <line number="746" hits="6" branch="false"/>
            <line number="747" hits="6" branch="false"/>
            <line number="749" hits="19" branch="false"/>
            <line number="750" hits="19" branch="false"/>
            <line number="753" hits="25" branch="false"/>
            <line number="754" hits="22" branch="false"/>
            <line number="756" hits="3" branch="false"/>
            <line number="757" hits="3" branch="false"/>
            <line number="758" hits="3" branch="false"/>
            <line number="759" hits="3" branch="false"/>
            <line number="761" hits="3" branch="false"/>
            <line number="764" hits="25" branch="false"/>
            <line number="765" hits="25" branch="false"/>
            <line number="766" hits="25" branch="false"/>
            <line number="767" hits="25" branch="false"/>
            <line number="769" hits="25" branch="false"/>
            <line number="771" hits="25" branch="false"/>
            <line number="772" hits="25" branch="false"/>
            <line number="774" hits="25" branch="false"/>
            <line number="775" hits="25" branch="false"/>
            <line number="776" hits="25" branch="false"/>
            <line number="777" hits="25" branch="false"/>
            <line number="779" hits="25" branch="false"/>
            <line number="781" hits="25" branch="false"/>
            <line number="782" hits="25" branch="false"/>
            <line number="783" hits="25" branch="false"/>
            <line number="784" hits="25" branch="false"/>
            <line number="785" hits="25" branch="false"/>
            <line number="787" hits="3" branch="false"/>
            <line number="789" hits="9" branch="false"/>
            <line number="791" hits="25" branch="false"/>
            <line number="793" hits="25" branch="false"/>
            <line number="795" hits="25" branch="false"/>
            <line number="796" hits="25" branch="false"/>
            <line number="798" hits="25" branch="false"/>
            <line number="799" hits="25" branch="false"/>
            <line number="801" hits="25" branch="false"/>
            <line number="802" hits="25" branch="false"/>
            <line number="803" hits="25" branch="false"/>
            <line number="804" hits="25" branch="false"/>
            <line number="805" hits="20" branch="false"/>
            <line number="806" hits="20" branch="false"/>
            <line number="807" hits="25" branch="false"/>
            <line number="809" hits="25" branch="false"/>
            <line number="810" hits="1" branch="false"/>
            <line number="811" hits="1" branch="false"/>
            <line number="812" hits="25" branch="false"/>
            <line number="814" hits="25" branch="false"/>
            <line number="816" hits="25" branch="false"/>
            <line number="817" hits="25" branch="false"/>
            <line number="819" hits="25" branch="false"/>
            <line number="820" hits="25" branch="false"/>
            <line number="821" hits="25" branch="false"/>
            <line number="823" hits="20" branch="false"/>
            <line number="824" hits="19" branch="false"/>
            <line number="825" hits="19" branch="false"/>
            <line number="826" hits="25" branch="false"/>
            <line number="829" hits="25" branch="false"/>
            <line number="830" hits="25" branch="false"/>
            <line number="831" hits="25" branch="false"/>
            <line number="832" hits="25" branch="false"/>
            <line number="833" hits="25" branch="false"/>
            <line number="834" hits="25" branch="false"/>
            <line number="835" hits="25" branch="false"/>
            <line number="836" hits="25" branch="false"/>
            <line number="837" hits="25" branch="false"/>
            <line number="838" hits="25" branch="false"/>
            <line number="839" hits="25" branch="false"/>
            <line number="840" hits="25" branch="false"/>
            <line number="841" hits="25" branch="false"/>
            <line number="842" hits="25" branch="false"/>
            <line number="843" hits="25" branch="false"/>
            <line number="844" hits="25" branch="false"/>
            <line number="845" hits="25" branch="false"/>
            <line number="846" hits="25" branch="false"/>
            <line number="847" hits="25" branch="false"/>
            <line number="848" hits="25" branch="false"/>
            <line number="849" hits="25" branch="false"/>
            <line number="851" hits="25" branch="false"/>
            <line number="852" hits="25" branch="false"/>
            <line number="854" hits="25" branch="false"/>
            <line number="855" hits="9" branch="false"/>
            <line number="856" hits="25" branch="false"/>
            <line number="858" hits="25" branch="false"/>
            <line number="859" hits="25" branch="false"/>
            <line number="860" hits="25" branch="false"/>
            <line number="862" hits="25" branch="false"/>
            <line number="863" hits="25" branch="false"/>
            <line number="864" hits="25" branch="false"/>
            <line number="865" hits="25" branch="false"/>
            <line number="866" hits="25" branch="false"/>
            <line number="867" hits="25" branch="false"/>
            <line number="868" hits="25" branch="false"/>
            <line number="869" hits="25" branch="false"/>
            <line number="871" hits="25" branch="false"/>
            <line number="872" hits="25" branch="false"/>
            <line number="873" hits="25" branch="false"/>
            <line number="875" hits="25" branch="false"/>
            <line number="876" hits="25" branch="false"/>
            <line number="878" hits="22" branch="false"/>
            <line number="880" hits="25" branch="false"/>
            <line number="881" hits="25" branch="false"/>
            <line number="882" hits="25" branch="false"/>
            <line number="883" hits="25" branch="false"/>
            <line number="884" hits="25" branch="false"/>
            <line number="885" hits="25" branch="false"/>
            <line number="886" hits="25" branch="false"/>
            <line number="887" hits="25" branch="false"/>
            <line number="888" hits="25" branch="false"/>
            <line number="890" hits="25" branch="false"/>
            <line number="891" hits="25" branch="false"/>
            <line number="893" hits="25" branch="false"/>
            <line number="894" hits="25" branch="false"/>
            <line number="895" hits="25" branch="false"/>
            <line number="896" hits="25" branch="false"/>
            <line number="897" hits="25" branch="false"/>
            <line number="898" hits="25" branch="false"/>
            <line number="899" hits="25" branch="false"/>
            <line number="901" hits="25" branch="false"/>
            <line number="902" hits="21" branch="false"/>
            <line number="903" hits="21" branch="false"/>
            <line number="905" hits="4" branch="false"/>
            <line number="907" hits="4" branch="false"/>
            <line number="908" hits="4" branch="false"/>
            <line number="909" hits="4" branch="false"/>
            <line number="910" hits="4" branch="false"/>
            <line number="911" hits="4" branch="false"/>
            <line number="912" hits="4" branch="false"/>
            <line number="913" hits="4" branch="false"/>
            <line number="914" hits="4" branch="false"/>
            <line number="915" hits="4" branch="false"/>
            <line number="917" hits="4" branch="false"/>
            <line number="918" hits="4" branch="false"/>
            <line number="921" hits="25" branch="false"/>
            <line number="922" hits="25" branch="false"/>
            <line number="923" hits="25" branch="false"/>
            <line number="925" hits="25" branch="false"/>
            <line number="926" hits="25" branch="false"/>
            <line number="927" hits="25" branch="false"/>
            <line number="928" hits="25" branch="false"/>
            <line number="929" hits="25" branch="false"/>
            <line number="930" hits="25" branch="false"/>
            <line number="931" hits="25" branch="false"/>
            <line number="932" hits="25" branch="false"/>
            <line number="934" hits="25" branch="false"/>
            <line number="935" hits="25" branch="false"/>
            <line number="937" hits="25" branch="false"/>
            <line number="939" hits="25" branch="false"/>
            <line number="940" hits="25" branch="false"/>
            <line number="942" hits="25" branch="false"/>
            <line number="944" hits="25" branch="false"/>
            <line number="946" hits="25" branch="false"/>
            <line number="947" hits="25" branch="false"/>
            <line number="949" hits="25" branch="false"/>
            <line number="951" hits="25" branch="false"/>
            <line number="954" hits="25" branch="false"/>
            <line number="956" hits="25" branch="false"/>
            <line number="958" hits="25" branch="false"/>
            <line number="959" hits="25" branch="false"/>
            <line number="960" hits="25" branch="false"/>
          </lines>
        </class>
        <class name="number_line.R" filename="R/number_line.R" line-rate="1" branch-rate="0" complexity="0">
          <methods>
            <method name="number_line" signature="" line-rate="1" branch-rate="0">
              <lines>
                <line number="34" hits="1050" branch="false"/>
                <line number="35" hits="1050" branch="false"/>
                <line number="36" hits="1050" branch="false"/>
                <line number="38" hits="1" branch="false"/>
                <line number="39" hits="1" branch="false"/>
                <line number="40" hits="1" branch="false"/>
                <line number="42" hits="35" branch="false"/>
                <line number="44" hits="839" branch="false"/>
                <line number="45" hits="838" branch="false"/>
                <line number="46" hits="1047" branch="false"/>
                <line number="47" hits="1047" branch="false"/>
                <line number="69" hits="16" branch="false"/>
                <line number="76" hits="43" branch="false"/>
                <line number="86" hits="182" branch="false"/>
                <line number="94" hits="2" branch="false"/>
                <line number="101" hits="9" branch="false"/>
                <line number="102" hits="9" branch="false"/>
                <line number="103" hits="9" branch="false"/>
                <line number="104" hits="9" branch="false"/>
                <line number="105" hits="9" branch="false"/>
                <line number="106" hits="9" branch="false"/>
                <line number="113" hits="1" branch="false"/>
                <line number="114" hits="1" branch="false"/>
                <line number="115" hits="1" branch="false"/>
                <line number="116" hits="1" branch="false"/>
                <line number="117" hits="1" branch="false"/>
                <line number="118" hits="1" branch="false"/>
                <line number="125" hits="7" branch="false"/>
                <line number="130" hits="6" branch="false"/>
                <line number="131" hits="6" branch="false"/>
                <line number="136" hits="39" branch="false"/>
                <line number="137" hits="39" branch="false"/>
                <line number="138" hits="39" branch="false"/>
                <line number="139" hits="61" branch="false"/>
                <line number="142" hits="39" branch="false"/>
                <line number="143" hits="39" branch="false"/>
                <line number="144" hits="39" branch="false"/>
                <line number="146" hits="39" branch="false"/>
              </lines>
            </method>
            <method name="as.number_line" signature="" line-rate="1" branch-rate="0">
              <lines>
                <line number="157" hits="317" branch="false"/>
                <line number="158" hits="317" branch="false"/>
                <line number="160" hits="1" branch="false"/>
                <line number="162" hits="316" branch="false"/>
                <line number="163" hits="16" branch="false"/>
                <line number="164" hits="16" branch="false"/>
                <line number="167" hits="316" branch="false"/>
              </lines>
            </method>
            <method name="is.number_line" signature="" line-rate="1" branch-rate="0">
              <lines>
                <line number="178" hits="4882" branch="false"/>
              </lines>
            </method>
            <method name="left_point" signature="" line-rate="1" branch-rate="0">
              <lines>
                <line number="187" hits="1" branch="false"/>
                <line number="188" hits="6" branch="false"/>
              </lines>
            </method>
            <method name="right_point" signature="" line-rate="1" branch-rate="0">
              <lines>
                <line number="194" hits="1" branch="false"/>
                <line number="195" hits="6" branch="false"/>
              </lines>
            </method>
            <method name="start_point" signature="" line-rate="1" branch-rate="0">
              <lines>
                <line number="201" hits="1" branch="false"/>
                <line number="202" hits="2" branch="false"/>
                <line number="203" hits="2" branch="false"/>
              </lines>
            </method>
            <method name="end_point" signature="" line-rate="1" branch-rate="0">
              <lines>
                <line number="209" hits="1" branch="false"/>
                <line number="210" hits="1" branch="false"/>
                <line number="211" hits="1" branch="false"/>
              </lines>
            </method>
            <method name="number_line_width" signature="" line-rate="1" branch-rate="0">
              <lines>
                <line number="217" hits="1" branch="false"/>
                <line number="218" hits="2" branch="false"/>
              </lines>
            </method>
            <method name="reverse_number_line" signature="" line-rate="1" branch-rate="0">
              <lines>
                <line number="236" hits="1" branch="false"/>
                <line number="237" hits="1" branch="false"/>
                <line number="238" hits="1" branch="false"/>
                <line number="239" hits="12" branch="false"/>
                <line number="241" hits="12" branch="false"/>
                <line number="242" hits="7" branch="false"/>
                <line number="243" hits="7" branch="false"/>
                <line number="244" hits="5" branch="false"/>
                <line number="245" hits="1" branch="false"/>
                <line number="246" hits="1" branch="false"/>
                <line number="247" hits="4" branch="false"/>
                <line number="248" hits="4" branch="false"/>
                <line number="249" hits="4" branch="false"/>
                <line number="252" hits="12" branch="false"/>
                <line number="254" hits="12" branch="false"/>
              </lines>
            </method>
            <method name="shift_number_line" signature="" line-rate="1" branch-rate="0">
              <lines>
                <line number="270" hits="1" branch="false"/>
                <line number="273" hits="1" branch="false"/>
                <line number="274" hits="1" branch="false"/>
                <line number="275" hits="1" branch="false"/>
                <line number="277" hits="1" branch="false"/>
                <line number="278" hits="1" branch="false"/>
              </lines>
            </method>
            <method name="expand_number_line" signature="" line-rate="1" branch-rate="0">
              <lines>
                <line number="295" hits="1" branch="false"/>
                <line number="297" hits="1" branch="false"/>
                <line number="298" hits="1" branch="false"/>
                <line number="300" hits="167" branch="false"/>
                <line number="301" hits="167" branch="false"/>
                <line number="302" hits="167" branch="false"/>
                <line number="303" hits="3" branch="false"/>
                <line number="304" hits="1" branch="false"/>
                <line number="305" hits="163" branch="false"/>
                <line number="307" hits="167" branch="false"/>
              </lines>
            </method>
            <method name="compress_number_line" signature="" line-rate="1" branch-rate="0">
              <lines>
                <line number="338" hits="1" branch="false"/>
                <line number="339" hits="1" branch="false"/>
                <line number="340" hits="1" branch="false"/>
                <line number="342" hits="3" branch="false"/>
                <line number="343" hits="3" branch="false"/>
                <line number="345" hits="3" branch="false"/>
                <line number="346" hits="3" branch="false"/>
                <line number="347" hits="1" branch="false"/>
                <line number="348" hits="4" branch="false"/>
                <line number="349" hits="4" branch="false"/>
                <line number="350" hits="4" branch="false"/>
                <line number="351" hits="4" branch="false"/>
                <line number="352" hits="3" branch="false"/>
                <line number="355" hits="3" branch="false"/>
                <line number="356" hits="3" branch="false"/>
              </lines>
            </method>
            <method name="number_line_sequence" signature="" line-rate="1" branch-rate="0">
              <lines>
                <line number="380" hits="1" branch="false"/>
                <line number="381" hits="1" branch="false"/>
                <line number="383" hits="5" branch="false"/>
                <line number="384" hits="2" branch="false"/>
                <line number="386" hits="3" branch="false"/>
                <line number="387" hits="3" branch="false"/>
                <line number="390" hits="5" branch="false"/>
              </lines>
            </method>
            <method name="unique.number_line" signature="" line-rate="1" branch-rate="0">
              <lines>
                <line number="397" hits="1" branch="false"/>
                <line number="398" hits="4" branch="false"/>
                <line number="399" hits="4" branch="false"/>
                <line number="400" hits="4" branch="false"/>
                <line number="401" hits="4" branch="false"/>
              </lines>
            </method>
            <method name="sort.number_line" signature="" line-rate="1" branch-rate="0">
              <lines>
                <line number="408" hits="1" branch="false"/>
                <line number="409" hits="1" branch="false"/>
                <line number="410" hits="1" branch="false"/>
                <line number="411" hits="1" branch="false"/>
                <line number="412" hits="1" branch="false"/>
              </lines>
            </method>
            <method name="format.number_line" signature="" line-rate="1" branch-rate="0">
              <lines>
                <line number="418" hits="16" branch="false"/>
                <line number="419" hits="16" branch="false"/>
                <line number="420" hits="16" branch="false"/>
                <line number="421" hits="16" branch="false"/>
                <line number="423" hits="16" branch="false"/>
              </lines>
            </method>
          </methods>
          <lines>
            <line number="34" hits="1050" branch="false"/>
            <line number="35" hits="1050" branch="false"/>
            <line number="36" hits="1050" branch="false"/>
            <line number="38" hits="1" branch="false"/>
            <line number="39" hits="1" branch="false"/>
            <line number="40" hits="1" branch="false"/>
            <line number="42" hits="35" branch="false"/>
            <line number="44" hits="839" branch="false"/>
            <line number="45" hits="838" branch="false"/>
            <line number="46" hits="1047" branch="false"/>
            <line number="47" hits="1047" branch="false"/>
            <line number="69" hits="16" branch="false"/>
            <line number="76" hits="43" branch="false"/>
            <line number="86" hits="182" branch="false"/>
            <line number="94" hits="2" branch="false"/>
            <line number="101" hits="9" branch="false"/>
            <line number="102" hits="9" branch="false"/>
            <line number="103" hits="9" branch="false"/>
            <line number="104" hits="9" branch="false"/>
            <line number="105" hits="9" branch="false"/>
            <line number="106" hits="9" branch="false"/>
            <line number="113" hits="1" branch="false"/>
            <line number="114" hits="1" branch="false"/>
            <line number="115" hits="1" branch="false"/>
            <line number="116" hits="1" branch="false"/>
            <line number="117" hits="1" branch="false"/>
            <line number="118" hits="1" branch="false"/>
            <line number="125" hits="7" branch="false"/>
            <line number="130" hits="6" branch="false"/>
            <line number="131" hits="6" branch="false"/>
            <line number="136" hits="39" branch="false"/>
            <line number="137" hits="39" branch="false"/>
            <line number="138" hits="39" branch="false"/>
            <line number="139" hits="61" branch="false"/>
            <line number="142" hits="39" branch="false"/>
            <line number="143" hits="39" branch="false"/>
            <line number="144" hits="39" branch="false"/>
            <line number="146" hits="39" branch="false"/>
            <line number="157" hits="317" branch="false"/>
            <line number="158" hits="317" branch="false"/>
[...]
            <line number="31" hits="345" branch="false"/>
            <line number="32" hits="345" branch="false"/>
            <line number="33" hits="345" branch="false"/>
            <line number="35" hits="345" branch="false"/>
            <line number="45" hits="1" branch="false"/>
            <line number="46" hits="1" branch="false"/>
            <line number="48" hits="358" branch="false"/>
            <line number="49" hits="358" branch="false"/>
            <line number="51" hits="358" branch="false"/>
            <line number="52" hits="358" branch="false"/>
            <line number="62" hits="1" branch="false"/>
            <line number="63" hits="1" branch="false"/>
            <line number="65" hits="358" branch="false"/>
            <line number="67" hits="358" branch="false"/>
            <line number="68" hits="358" branch="false"/>
            <line number="78" hits="1" branch="false"/>
            <line number="79" hits="1" branch="false"/>
            <line number="81" hits="358" branch="false"/>
            <line number="83" hits="358" branch="false"/>
            <line number="84" hits="358" branch="false"/>
            <line number="94" hits="1" branch="false"/>
            <line number="95" hits="1" branch="false"/>
            <line number="97" hits="356" branch="false"/>
            <line number="98" hits="356" branch="false"/>
            <line number="99" hits="356" branch="false"/>
            <line number="109" hits="1" branch="false"/>
            <line number="110" hits="1" branch="false"/>
            <line number="112" hits="357" branch="false"/>
            <line number="113" hits="357" branch="false"/>
            <line number="114" hits="357" branch="false"/>
            <line number="127" hits="1" branch="false"/>
            <line number="128" hits="1" branch="false"/>
            <line number="130" hits="10" branch="false"/>
            <line number="131" hits="10" branch="false"/>
            <line number="132" hits="10" branch="false"/>
            <line number="133" hits="10" branch="false"/>
            <line number="134" hits="10" branch="false"/>
            <line number="135" hits="10" branch="false"/>
            <line number="137" hits="10" branch="false"/>
            <line number="138" hits="10" branch="false"/>
            <line number="139" hits="10" branch="false"/>
          </lines>
        </class>
        <class name="record_group.R" filename="R/record_group.R" line-rate="1" branch-rate="0" complexity="0">
          <methods>
            <method name="record_group" signature="" line-rate="1" branch-rate="0">
              <lines>
                <line number="102" hits="1" branch="false"/>
                <line number="103" hits="2" branch="false"/>
                <line number="105" hits="15" branch="false"/>
                <line number="106" hits="15" branch="false"/>
                <line number="107" hits="15" branch="false"/>
                <line number="109" hits="15" branch="false"/>
                <line number="110" hits="15" branch="false"/>
                <line number="111" hits="15" branch="false"/>
                <line number="112" hits="15" branch="false"/>
                <line number="113" hits="15" branch="false"/>
                <line number="114" hits="15" branch="false"/>
                <line number="115" hits="15" branch="false"/>
                <line number="116" hits="15" branch="false"/>
                <line number="118" hits="15" branch="false"/>
                <line number="120" hits="15" branch="false"/>
                <line number="122" hits="15" branch="false"/>
                <line number="124" hits="14" branch="false"/>
                <line number="125" hits="14" branch="false"/>
                <line number="127" hits="13" branch="false"/>
                <line number="128" hits="1" branch="false"/>
                <line number="129" hits="1" branch="false"/>
                <line number="132" hits="11" branch="false"/>
                <line number="133" hits="1" branch="false"/>
                <line number="134" hits="1" branch="false"/>
                <line number="135" hits="1" branch="false"/>
                <line number="138" hits="10" branch="false"/>
                <line number="139" hits="3" branch="false"/>
                <line number="141" hits="7" branch="false"/>
                <line number="144" hits="10" branch="false"/>
                <line number="145" hits="9" branch="false"/>
                <line number="147" hits="1" branch="false"/>
                <line number="150" hits="10" branch="false"/>
                <line number="151" hits="10" branch="false"/>
                <line number="152" hits="10" branch="false"/>
                <line number="154" hits="10" branch="false"/>
                <line number="156" hits="10" branch="false"/>
                <line number="157" hits="1" branch="false"/>
                <line number="158" hits="7" branch="false"/>
                <line number="160" hits="10" branch="false"/>
                <line number="161" hits="10" branch="false"/>
                <line number="162" hits="15" branch="false"/>
                <line number="164" hits="15" branch="false"/>
                <line number="166" hits="15" branch="false"/>
                <line number="167" hits="15" branch="false"/>
                <line number="169" hits="15" branch="false"/>
                <line number="171" hits="15" branch="false"/>
                <line number="172" hits="5" branch="false"/>
                <line number="173" hits="5" branch="false"/>
                <line number="174" hits="5" branch="false"/>
                <line number="176" hits="5" branch="false"/>
                <line number="178" hits="5" branch="false"/>
                <line number="179" hits="5" branch="false"/>
                <line number="181" hits="5" branch="false"/>
                <line number="182" hits="5" branch="false"/>
                <line number="183" hits="5" branch="false"/>
                <line number="184" hits="5" branch="false"/>
                <line number="186" hits="5" branch="false"/>
                <line number="187" hits="5" branch="false"/>
                <line number="188" hits="5" branch="false"/>
                <line number="190" hits="10" branch="false"/>
                <line number="191" hits="10" branch="false"/>
                <line number="194" hits="15" branch="false"/>
                <line number="196" hits="15" branch="false"/>
                <line number="197" hits="15" branch="false"/>
                <line number="198" hits="14" branch="false"/>
                <line number="200" hits="15" branch="false"/>
                <line number="201" hits="15" branch="false"/>
                <line number="202" hits="15" branch="false"/>
                <line number="203" hits="15" branch="false"/>
                <line number="204" hits="15" branch="false"/>
                <line number="205" hits="15" branch="false"/>
                <line number="207" hits="15" branch="false"/>
                <line number="209" hits="15" branch="false"/>
                <line number="210" hits="15" branch="false"/>
                <line number="212" hits="15" branch="false"/>
                <line number="213" hits="15" branch="false"/>
                <line number="214" hits="15" branch="false"/>
                <line number="215" hits="15" branch="false"/>
                <line number="216" hits="15" branch="false"/>
                <line number="217" hits="15" branch="false"/>
                <line number="218" hits="15" branch="false"/>
                <line number="220" hits="15" branch="false"/>
                <line number="221" hits="15" branch="false"/>
                <line number="222" hits="15" branch="false"/>
                <line number="223" hits="15" branch="false"/>
                <line number="225" hits="15" branch="false"/>
                <line number="226" hits="15" branch="false"/>
                <line number="227" hits="15" branch="false"/>
                <line number="228" hits="15" branch="false"/>
                <line number="229" hits="15" branch="false"/>
                <line number="230" hits="15" branch="false"/>
                <line number="231" hits="15" branch="false"/>
                <line number="233" hits="15" branch="false"/>
                <line number="234" hits="15" branch="false"/>
                <line number="235" hits="15" branch="false"/>
                <line number="237" hits="15" branch="false"/>
                <line number="238" hits="15" branch="false"/>
                <line number="239" hits="15" branch="false"/>
                <line number="241" hits="15" branch="false"/>
                <line number="242" hits="15" branch="false"/>
                <line number="244" hits="15" branch="false"/>
                <line number="245" hits="15" branch="false"/>
                <line number="247" hits="14" branch="false"/>
                <line number="248" hits="14" branch="false"/>
                <line number="250" hits="14" branch="false"/>
                <line number="251" hits="14" branch="false"/>
                <line number="255" hits="14" branch="false"/>
                <line number="256" hits="14" branch="false"/>
                <line number="258" hits="14" branch="false"/>
                <line number="259" hits="14" branch="false"/>
                <line number="261" hits="14" branch="false"/>
                <line number="263" hits="14" branch="false"/>
                <line number="264" hits="14" branch="false"/>
                <line number="265" hits="14" branch="false"/>
                <line number="266" hits="14" branch="false"/>
                <line number="267" hits="14" branch="false"/>
                <line number="270" hits="14" branch="false"/>
                <line number="271" hits="14" branch="false"/>
                <line number="275" hits="9" branch="false"/>
                <line number="277" hits="9" branch="false"/>
                <line number="279" hits="9" branch="false"/>
                <line number="280" hits="9" branch="false"/>
                <line number="282" hits="9" branch="false"/>
                <line number="283" hits="8" branch="false"/>
                <line number="284" hits="8" branch="false"/>
                <line number="286" hits="1" branch="false"/>
                <line number="288" hits="1" branch="false"/>
                <line number="289" hits="1" branch="false"/>
                <line number="290" hits="1" branch="false"/>
                <line number="291" hits="1" branch="false"/>
                <line number="292" hits="1" branch="false"/>
                <line number="293" hits="1" branch="false"/>
                <line number="294" hits="1" branch="false"/>
                <line number="295" hits="1" branch="false"/>
                <line number="296" hits="1" branch="false"/>
                <line number="298" hits="1" branch="false"/>
                <line number="301" hits="9" branch="false"/>
                <line number="302" hits="9" branch="false"/>
                <line number="303" hits="9" branch="false"/>
                <line number="306" hits="9" branch="false"/>
                <line number="307" hits="9" branch="false"/>
                <line number="309" hits="9" branch="false"/>
                <line number="310" hits="9" branch="false"/>
                <line number="311" hits="9" branch="false"/>
              </lines>
            </method>
          </methods>
          <lines>
            <line number="102" hits="1" branch="false"/>
            <line number="103" hits="2" branch="false"/>
            <line number="105" hits="15" branch="false"/>
            <line number="106" hits="15" branch="false"/>
            <line number="107" hits="15" branch="false"/>
            <line number="109" hits="15" branch="false"/>
            <line number="110" hits="15" branch="false"/>
            <line number="111" hits="15" branch="false"/>
            <line number="112" hits="15" branch="false"/>
            <line number="113" hits="15" branch="false"/>
            <line number="114" hits="15" branch="false"/>
            <line number="115" hits="15" branch="false"/>
            <line number="116" hits="15" branch="false"/>
            <line number="118" hits="15" branch="false"/>
            <line number="120" hits="15" branch="false"/>
            <line number="122" hits="15" branch="false"/>
            <line number="124" hits="14" branch="false"/>
            <line number="125" hits="14" branch="false"/>
            <line number="127" hits="13" branch="false"/>
            <line number="128" hits="1" branch="false"/>
            <line number="129" hits="1" branch="false"/>
            <line number="132" hits="11" branch="false"/>
            <line number="133" hits="1" branch="false"/>
            <line number="134" hits="1" branch="false"/>
            <line number="135" hits="1" branch="false"/>
            <line number="138" hits="10" branch="false"/>
            <line number="139" hits="3" branch="false"/>
            <line number="141" hits="7" branch="false"/>
            <line number="144" hits="10" branch="false"/>
            <line number="145" hits="9" branch="false"/>
            <line number="147" hits="1" branch="false"/>
            <line number="150" hits="10" branch="false"/>
            <line number="151" hits="10" branch="false"/>
            <line number="152" hits="10" branch="false"/>
            <line number="154" hits="10" branch="false"/>
            <line number="156" hits="10" branch="false"/>
            <line number="157" hits="1" branch="false"/>
            <line number="158" hits="7" branch="false"/>
            <line number="160" hits="10" branch="false"/>
            <line number="161" hits="10" branch="false"/>
            <line number="162" hits="15" branch="false"/>
            <line number="164" hits="15" branch="false"/>
            <line number="166" hits="15" branch="false"/>
            <line number="167" hits="15" branch="false"/>
            <line number="169" hits="15" branch="false"/>
            <line number="171" hits="15" branch="false"/>
            <line number="172" hits="5" branch="false"/>
            <line number="173" hits="5" branch="false"/>
            <line number="174" hits="5" branch="false"/>
            <line number="176" hits="5" branch="false"/>
            <line number="178" hits="5" branch="false"/>
            <line number="179" hits="5" branch="false"/>
            <line number="181" hits="5" branch="false"/>
            <line number="182" hits="5" branch="false"/>
            <line number="183" hits="5" branch="false"/>
            <line number="184" hits="5" branch="false"/>
            <line number="186" hits="5" branch="false"/>
            <line number="187" hits="5" branch="false"/>
            <line number="188" hits="5" branch="false"/>
            <line number="190" hits="10" branch="false"/>
            <line number="191" hits="10" branch="false"/>
            <line number="194" hits="15" branch="false"/>
            <line number="196" hits="15" branch="false"/>
            <line number="197" hits="15" branch="false"/>
            <line number="198" hits="14" branch="false"/>
            <line number="200" hits="15" branch="false"/>
            <line number="201" hits="15" branch="false"/>
            <line number="202" hits="15" branch="false"/>
            <line number="203" hits="15" branch="false"/>
            <line number="204" hits="15" branch="false"/>
            <line number="205" hits="15" branch="false"/>
            <line number="207" hits="15" branch="false"/>
            <line number="209" hits="15" branch="false"/>
            <line number="210" hits="15" branch="false"/>
            <line number="212" hits="15" branch="false"/>
            <line number="213" hits="15" branch="false"/>
            <line number="214" hits="15" branch="false"/>
            <line number="215" hits="15" branch="false"/>
            <line number="216" hits="15" branch="false"/>
            <line number="217" hits="15" branch="false"/>
            <line number="218" hits="15" branch="false"/>
            <line number="220" hits="15" branch="false"/>
            <line number="221" hits="15" branch="false"/>
            <line number="222" hits="15" branch="false"/>
            <line number="223" hits="15" branch="false"/>
            <line number="225" hits="15" branch="false"/>
            <line number="226" hits="15" branch="false"/>
            <line number="227" hits="15" branch="false"/>
            <line number="228" hits="15" branch="false"/>
            <line number="229" hits="15" branch="false"/>
            <line number="230" hits="15" branch="false"/>
            <line number="231" hits="15" branch="false"/>
            <line number="233" hits="15" branch="false"/>
            <line number="234" hits="15" branch="false"/>
            <line number="235" hits="15" branch="false"/>
            <line number="237" hits="15" branch="false"/>
            <line number="238" hits="15" branch="false"/>
            <line number="239" hits="15" branch="false"/>
            <line number="241" hits="15" branch="false"/>
            <line number="242" hits="15" branch="false"/>
            <line number="244" hits="15" branch="false"/>
            <line number="245" hits="15" branch="false"/>
            <line number="247" hits="14" branch="false"/>
            <line number="248" hits="14" branch="false"/>
            <line number="250" hits="14" branch="false"/>
            <line number="251" hits="14" branch="false"/>
            <line number="255" hits="14" branch="false"/>
            <line number="256" hits="14" branch="false"/>
            <line number="258" hits="14" branch="false"/>
            <line number="259" hits="14" branch="false"/>
            <line number="261" hits="14" branch="false"/>
            <line number="263" hits="14" branch="false"/>
            <line number="264" hits="14" branch="false"/>
            <line number="265" hits="14" branch="false"/>
            <line number="266" hits="14" branch="false"/>
            <line number="267" hits="14" branch="false"/>
            <line number="270" hits="14" branch="false"/>
            <line number="271" hits="14" branch="false"/>
            <line number="275" hits="9" branch="false"/>
            <line number="277" hits="9" branch="false"/>
            <line number="279" hits="9" branch="false"/>
            <line number="280" hits="9" branch="false"/>
            <line number="282" hits="9" branch="false"/>
            <line number="283" hits="8" branch="false"/>
            <line number="284" hits="8" branch="false"/>
            <line number="286" hits="1" branch="false"/>
            <line number="288" hits="1" branch="false"/>
            <line number="289" hits="1" branch="false"/>
            <line number="290" hits="1" branch="false"/>
            <line number="291" hits="1" branch="false"/>
            <line number="292" hits="1" branch="false"/>
            <line number="293" hits="1" branch="false"/>
            <line number="294" hits="1" branch="false"/>
            <line number="295" hits="1" branch="false"/>
            <line number="296" hits="1" branch="false"/>
            <line number="298" hits="1" branch="false"/>
            <line number="301" hits="9" branch="false"/>
            <line number="302" hits="9" branch="false"/>
            <line number="303" hits="9" branch="false"/>
            <line number="306" hits="9" branch="false"/>
            <line number="307" hits="9" branch="false"/>
            <line number="309" hits="9" branch="false"/>
            <line number="310" hits="9" branch="false"/>
            <line number="311" hits="9" branch="false"/>
          </lines>
        </class>
      </classes>
    </package>
  </packages>
</coverage>
